Error: on:23/05/2014 9:08: Unable to save session.
Error: on:25/06/2014 9:22: Unable to save session.
Error: on:02/07/2014 9:01: Unable to save session.
Error: on:02/07/2014 9:01: Unable to save session.
Debug: on:03/07/2014 11:40: It took 4 retries to start session 31291
Error: on:07/07/2014 16:57: Unable to save session.
Error: on:07/07/2014 17:13: Unable to save session.
Error: on:08/07/2014 12:30: Unable to save session.
Error: on:08/07/2014 12:42: Unable to save session.
Error: on:08/07/2014 12:48: Unable to save session.
Error: on:08/07/2014 13:06: Unable to save session.
Error: on:08/07/2014 13:17: Unable to save session.
Error: on:08/07/2014 13:20: Unable to save session.
Error: on:08/07/2014 13:21: Unable to save session.
Error: on:08/07/2014 13:42: Unable to save session.
Error: on:09/07/2014 8:58: Unable to save session.
Error: on:09/07/2014 9:12: Unable to save session.
Error: on:10/07/2014 21:27: Unable to save session.
Error: on:19/07/2014 5:57: Unable to save session.
Error: on:31/07/2014 6:31: Unable to create session.
Error: on:31/07/2014 6:31: Unable to save session.
Error: on:22/10/2014 23:46: Unable to save session.
Error: on:22/10/2014 23:49: Unable to save session.
Error: on:28/10/2014 21:20: Unable to save session.
Error: on:28/10/2014 21:21: Unable to save session.
Error: on:28/10/2014 22:04: Unable to save session.
Error: on:28/10/2014 22:05: Unable to save session.
Error: on:04/11/2014 14:42: Unable to create session.
Error: on:04/11/2014 14:42: Unable to save session.
Error: on:noviembre 19, 2014, 12:59 pm: Unable to save session.
Error: on:02/03/2015 4:30: Unable to create session.

Debug: on:02/03/2015 4:30: It took 5 retries to start session 1

Error: on:02/03/2015 4:30: </strong>The photo index table needs to be rebuilt. Please run <b>Photo Albums -> Settings</b> admin page <b>Table VIII-A9</b><strong>

Error: on:02/03/2015 4:30: </strong>The album index table needs to be rebuilt. Please run <b>Photo Albums -> Settings</b> admin page <b>Table VIII-A8</b><strong>

Error: on:02/03/2015 4:31: </strong>The photo index table needs to be rebuilt. Please run <b>Photo Albums -> Settings</b> admin page <b>Table VIII-A9</b><strong>

Error: on:02/03/2015 4:31: </strong>The album index table needs to be rebuilt. Please run <b>Photo Albums -> Settings</b> admin page <b>Table VIII-A8</b><strong>

Error: on:02/03/2015 4:31: </strong>The photo index table needs to be rebuilt. Please run <b>Photo Albums -> Settings</b> admin page <b>Table VIII-A9</b><strong>

Error: on:02/03/2015 4:31: </strong>The album index table needs to be rebuilt. Please run <b>Photo Albums -> Settings</b> admin page <b>Table VIII-A8</b><strong>

Error: on:02/03/2015 4:34: </strong>The photo index table needs to be rebuilt. Please run <b>Photo Albums -> Settings</b> admin page <b>Table VIII-A9</b><strong>

Error: on:02/03/2015 4:34: </strong>The album index table needs to be rebuilt. Please run <b>Photo Albums -> Settings</b> admin page <b>Table VIII-A8</b><strong>

Error: on:02/03/2015 4:34: </strong>The photo index table needs to be rebuilt. Please run <b>Photo Albums -> Settings</b> admin page <b>Table VIII-A9</b><strong>

Error: on:02/03/2015 4:34: </strong>The album index table needs to be rebuilt. Please run <b>Photo Albums -> Settings</b> admin page <b>Table VIII-A8</b><strong>

Err: on:02/03/2015 4:35: Unable to save catlist

Err: on:03/03/2015 7:19: Unable to save catlist

Err: on:03/03/2015 19:44: Unable to save catlist

Err: on:03/03/2015 19:50: Unable to save catlist

Err: on:04/03/2015 9:46: Unable to save catlist

Err: on:04/03/2015 9:47: Unable to save catlist

Err: on:04/03/2015 9:48: Unable to save catlist

Err: on:04/03/2015 10:07: Unable to save catlist

Err: on:04/03/2015 10:19: Unable to save catlist

Err: on:04/03/2015 10:19: Unable to save catlist

Err: on:04/03/2015 10:31: Unable to save catlist

Err: on:04/03/2015 18:19: Unable to save catlist

Err: on:04/03/2015 19:14: Unable to save catlist

Err: on:04/03/2015 19:17: Unable to save catlist

Err: on:04/03/2015 20:02: Unable to save catlist

Err: on:04/03/2015 20:03: Unable to save catlist

Err: on:04/03/2015 20:04: Unable to save catlist

Err: on:05/03/2015 9:38: Unable to save catlist

Err: on:05/03/2015 20:36: Unable to save catlist

Err: on:05/03/2015 20:52: Unable to save catlist

Err: on:05/03/2015 20:54: Unable to save catlist

Err: on:05/03/2015 22:48: Unable to save catlist

Err: on:06/03/2015 8:14: Unable to save catlist

Err: on:06/03/2015 8:15: Unable to save catlist

Err: on:06/03/2015 18:46: Unable to save catlist

Err: on:06/03/2015 18:47: Unable to save catlist

Err: on:06/03/2015 19:00: Unable to save catlist

Err: on:06/03/2015 19:00: Unable to save catlist

Err: on:06/03/2015 19:02: Unable to save catlist

Err: on:06/03/2015 19:02: Unable to save catlist

Err: on:09/03/2015 11:39: Unable to save catlist

Err: on:09/03/2015 11:42: Unable to save catlist

Err: on:09/03/2015 11:43: Unable to save catlist

Err: on:09/03/2015 15:51: Unable to save catlist

Err: on:09/03/2015 17:32: Unable to save catlist

Err: on:09/03/2015 17:32: Unable to save catlist

Err: on:09/03/2015 17:37: Unable to save catlist

Err: on:09/03/2015 17:39: Unable to save catlist

Err: on:09/03/2015 18:07: Unable to save catlist

Err: on:09/03/2015 22:37: Unable to save catlist

Err: on:09/03/2015 22:46: Unable to save catlist

Err: on:09/03/2015 22:50: Unable to save catlist

Err: on:09/03/2015 23:05: Unable to save catlist

Err: on:09/03/2015 23:05: Unable to save catlist

Err: on:09/03/2015 23:07: Unable to save catlist

Err: on:09/03/2015 23:08: Unable to save catlist

Err: on:09/03/2015 23:12: Unable to save catlist

Err: on:09/03/2015 23:21: Unable to save catlist

Err: on:09/03/2015 23:24: Unable to save catlist

Err: on:10/03/2015 7:54: Unable to save catlist

Err: on:10/03/2015 7:56: Unable to save catlist

Err: on:10/03/2015 7:57: Unable to save catlist

Err: on:10/03/2015 8:05: Unable to save catlist

Err: on:10/03/2015 8:34: Unable to save catlist

Err: on:10/03/2015 9:27: Unable to save catlist

Err: on:10/03/2015 9:28: Unable to save catlist

Err: on:10/03/2015 9:52: Unable to save catlist

Err: on:10/03/2015 10:01: Unable to save catlist

Err: on:10/03/2015 10:02: Unable to save catlist

Err: on:10/03/2015 10:02: Unable to save catlist

Err: on:10/03/2015 10:28: Unable to save catlist

Err: on:10/03/2015 10:35: Unable to save catlist

Err: on:10/03/2015 10:37: Unable to save catlist

Err: on:10/03/2015 10:37: Unable to save catlist

Err: on:10/03/2015 10:45: Unable to save catlist

Err: on:10/03/2015 10:49: Unable to save catlist

Err: on:10/03/2015 11:35: Unable to save catlist

Err: on:10/03/2015 11:36: Unable to save catlist

Err: on:10/03/2015 11:56: Unable to save catlist

Err: on:10/03/2015 11:59: Unable to save catlist

Err: on:10/03/2015 12:01: Unable to save catlist

Err: on:10/03/2015 12:04: Unable to save catlist

Err: on:10/03/2015 12:04: Unable to save catlist

Err: on:10/03/2015 12:09: Unable to save catlist

Err: on:10/03/2015 16:00: Unable to save catlist

Err: on:10/03/2015 16:03: Unable to save catlist

Err: on:10/03/2015 16:04: Unable to save catlist

Err: on:10/03/2015 16:09: Unable to save catlist

Err: on:10/03/2015 16:17: Unable to save catlist

Err: on:10/03/2015 16:40: Unable to save catlist

Err: on:10/03/2015 16:40: Unable to save catlist

Err: on:10/03/2015 16:42: Unable to save catlist

Err: on:10/03/2015 16:47: Unable to save catlist

Err: on:10/03/2015 16:49: Unable to save catlist

Err: on:10/03/2015 16:51: Unable to save catlist

Err: on:10/03/2015 18:11: Unable to save catlist

Err: on:10/03/2015 18:11: Unable to save catlist

Err: on:10/03/2015 18:14: Unable to save catlist

Err: on:10/03/2015 21:19: Unable to save catlist

Err: on:11/03/2015 9:39: Unable to save catlist

Err: on:11/03/2015 9:43: Unable to save catlist

Err: on:11/03/2015 11:09: Unable to save catlist

Err: on:11/03/2015 11:12: Unable to save catlist

Err: on:11/03/2015 22:01: Unable to save catlist

Err: on:11/03/2015 23:16: Unable to save catlist

Err: on:12/03/2015 0:29: Unable to save catlist

Err: on:12/03/2015 0:29: Unable to save catlist

Err: on:12/03/2015 0:39: Unable to save catlist

Err: on:12/03/2015 0:43: Unable to save catlist

Err: on:12/03/2015 0:44: Unable to save catlist

Err: on:12/03/2015 0:52: Unable to save catlist

Err: on:12/03/2015 0:52: Unable to save catlist

Err: on:12/03/2015 0:55: Unable to save catlist

Err: on:12/03/2015 0:55: Unable to save catlist

Err: on:12/03/2015 0:56: Unable to save catlist

Err: on:12/03/2015 13:56: Unable to save catlist

Err: on:13/03/2015 14:17: Unable to save catlist

Err: on:13/03/2015 14:18: Unable to save catlist

Err: on:13/03/2015 14:19: Unable to save catlist

Err: on:13/03/2015 14:20: Unable to save catlist

Err: on:13/03/2015 14:42: Unable to save catlist

Err: on:14/03/2015 16:50: Unable to save catlist
Err: on:14/03/2015 16:50: Unable to save catlist
Err: on:14/03/2015 16:54: Unable to save catlist
Err: on:14/03/2015 16:56: Unable to save catlist
Err: on:14/03/2015 17:06: Unable to save catlist
Err: on:14/03/2015 17:06: Unable to save catlist
Err: on:14/03/2015 17:07: Unable to save catlist
Err: on:14/03/2015 17:08: Unable to save catlist
Err: on:14/03/2015 17:09: Unable to save catlist
Err: on:14/03/2015 17:41: Unable to save catlist
Err: on:14/03/2015 17:45: Unable to save catlist
Err: on:14/03/2015 17:45: Unable to save catlist
Err: on:14/03/2015 17:46: Unable to save catlist
Err: on:14/03/2015 17:47: Unable to save catlist
Err: on:14/03/2015 17:50: Unable to save catlist
Err: on:14/03/2015 19:08: Unable to save catlist
Err: on:14/03/2015 20:43: Unable to save catlist
Err: on:14/03/2015 21:12: Unable to save catlist
Err: on:14/03/2015 21:13: Unable to save catlist
Err: on:14/03/2015 21:17: Unable to save catlist
Err: on:14/03/2015 21:22: Unable to save catlist
Err: on:14/03/2015 21:23: Unable to save catlist
Err: on:14/03/2015 21:25: Unable to save catlist
Err: on:14/03/2015 21:29: Unable to save catlist
Err: on:14/03/2015 21:30: Unable to save catlist
Err: on:14/03/2015 21:33: Unable to save catlist
Err: on:14/03/2015 21:34: Unable to save catlist
Err: on:15/03/2015 9:00: Unable to save catlist
Err: on:15/03/2015 9:04: Unable to save catlist
Err: on:15/03/2015 9:05: Unable to save catlist
Err: on:15/03/2015 10:05: Unable to save catlist
Err: on:15/03/2015 10:06: Unable to save catlist
Err: on:15/03/2015 10:08: Unable to save catlist
Err: on:15/03/2015 10:19: Unable to save catlist
Err: on:15/03/2015 20:26: Unable to save catlist
Err: on:15/03/2015 23:19: Unable to save catlist
Err: on:15/03/2015 23:32: Unable to save catlist
Err: on:15/03/2015 23:53: Unable to save catlist
Err: on:16/03/2015 12:16: Unable to save catlist
Err: on:16/03/2015 13:26: Unable to save catlist
Err: on:16/03/2015 15:57: Unable to save catlist
Err: on:16/03/2015 16:09: Unable to save catlist
Err: on:16/03/2015 16:35: Unable to save catlist
Err: on:16/03/2015 19:53: Unable to save catlist
Err: on:16/03/2015 19:57: Unable to save catlist
Err: on:16/03/2015 19:58: Unable to save catlist
Err: on:16/03/2015 21:40: Unable to save catlist
Err: on:16/03/2015 21:41: Unable to save catlist
Err: on:17/03/2015 7:29: Unable to save catlist
Err: on:17/03/2015 7:30: Unable to save catlist
Err: on:17/03/2015 11:24: Unable to save catlist
Err: on:17/03/2015 11:28: Unable to save catlist
Err: on:17/03/2015 11:28: Unable to save catlist
Err: on:17/03/2015 11:29: Unable to save catlist
Err: on:17/03/2015 11:30: Unable to save catlist
Err: on:17/03/2015 11:31: Unable to save catlist
Err: on:17/03/2015 11:32: Unable to save catlist
Err: on:17/03/2015 11:33: Unable to save catlist
Err: on:17/03/2015 11:39: Unable to save catlist
Err: on:17/03/2015 13:26: Unable to save catlist
Err: on:17/03/2015 13:28: Unable to save catlist
Err: on:17/03/2015 16:17: Unable to save catlist
Err: on:17/03/2015 17:05: Unable to save catlist
Err: on:17/03/2015 17:15: Unable to save catlist
Err: on:17/03/2015 17:16: Unable to save catlist
Err: on:17/03/2015 17:19: Unable to save catlist
Err: on:17/03/2015 17:20: Unable to save catlist
Err: on:17/03/2015 17:42: Unable to save catlist
Err: on:17/03/2015 18:06: Unable to save catlist
Err: on:17/03/2015 18:28: Unable to save catlist
Err: on:17/03/2015 18:34: Unable to save catlist
Err: on:17/03/2015 18:48: Unable to save catlist
Err: on:17/03/2015 18:54: Unable to save catlist
Err: on:17/03/2015 19:33: Unable to save catlist
Err: on:17/03/2015 19:34: Unable to save catlist
Err: on:17/03/2015 19:34: Unable to save catlist
Err: on:18/03/2015 12:32: Unable to save catlist
Err: on:18/03/2015 12:37: Unable to save catlist
Err: on:18/03/2015 12:40: Unable to save catlist
Err: on:18/03/2015 12:41: Unable to save catlist
Err: on:18/03/2015 12:42: Unable to save catlist
Err: on:18/03/2015 12:43: Unable to save catlist
Err: on:18/03/2015 12:43: Unable to save catlist
Err: on:18/03/2015 20:35: Unable to save catlist
Err: on:18/03/2015 20:46: Unable to save catlist
Err: on:18/03/2015 20:46: Unable to save catlist
Err: on:18/03/2015 20:47: Unable to save catlist
Err: on:18/03/2015 21:36: Unable to save catlist
Err: on:18/03/2015 21:48: Unable to save catlist
Err: on:18/03/2015 21:50: Unable to save catlist
Err: on:18/03/2015 21:51: Unable to save catlist
Err: on:18/03/2015 21:54: Unable to save catlist
Err: on:18/03/2015 21:55: Unable to save catlist
Err: on:18/03/2015 21:56: Unable to save catlist
Err: on:18/03/2015 22:03: Unable to save catlist
Err: on:18/03/2015 22:17: Unable to save catlist
Err: on:18/03/2015 22:17: Unable to save catlist
Err: on:18/03/2015 22:19: Unable to save catlist
Err: on:18/03/2015 22:20: Unable to save catlist
Err: on:18/03/2015 22:21: Unable to save catlist
Err: on:18/03/2015 22:23: Unable to save catlist
Err: on:18/03/2015 22:24: Unable to save catlist
Err: on:18/03/2015 22:41: Unable to save catlist
Err: on:18/03/2015 23:45: Unable to save catlist
Err: on:19/03/2015 9:15: Unable to save catlist
Err: on:19/03/2015 9:16: Unable to save catlist
Err: on:19/03/2015 9:17: Unable to save catlist
Err: on:19/03/2015 9:18: Unable to save catlist
Err: on:19/03/2015 9:22: Unable to save catlist
Err: on:19/03/2015 9:23: Unable to save catlist
Err: on:19/03/2015 9:25: Unable to save catlist
Err: on:19/03/2015 9:25: Unable to save catlist
Err: on:19/03/2015 9:35: Unable to save catlist
Err: on:19/03/2015 9:36: Unable to save catlist
Err: on:19/03/2015 9:43: Unable to save catlist
Err: on:19/03/2015 9:43: Unable to save catlist
Err: on:19/03/2015 9:44: Unable to save catlist
Err: on:19/03/2015 9:46: Unable to save catlist
Err: on:19/03/2015 9:50: Unable to save catlist
Err: on:19/03/2015 9:54: Unable to save catlist
Err: on:19/03/2015 9:55: Unable to save catlist
Err: on:19/03/2015 9:56: Unable to save catlist
Err: on:19/03/2015 10:01: Unable to save catlist
Err: on:19/03/2015 10:08: Unable to save catlist
Err: on:19/03/2015 10:14: Unable to save catlist
Err: on:19/03/2015 10:19: Unable to save catlist
Err: on:19/03/2015 10:20: Unable to save catlist
Err: on:19/03/2015 10:21: Unable to save catlist
Err: on:19/03/2015 10:27: Unable to save catlist
Err: on:19/03/2015 10:36: Unable to save catlist
Err: on:19/03/2015 10:42: Unable to save catlist
Err: on:19/03/2015 10:43: Unable to save catlist
Err: on:19/03/2015 11:02: Unable to save catlist
Err: on:19/03/2015 11:39: Unable to save catlist
Err: on:19/03/2015 11:52: Unable to save catlist
Err: on:19/03/2015 11:55: Unable to save catlist
Err: on:19/03/2015 11:56: Unable to save catlist
Err: on:19/03/2015 11:57: Unable to save catlist
Err: on:19/03/2015 12:36: Unable to save catlist
Err: on:19/03/2015 13:38: Unable to save catlist
Err: on:19/03/2015 13:40: Unable to save catlist
Err: on:19/03/2015 14:06: Unable to save catlist
Err: on:19/03/2015 14:09: Unable to save catlist
Err: on:19/03/2015 14:53: Unable to save catlist
Err: on:19/03/2015 14:59: Unable to save catlist
Err: on:19/03/2015 15:59: Unable to save catlist
Err: on:19/03/2015 16:23: Unable to save catlist
Err: on:19/03/2015 16:29: Unable to save catlist
Err: on:19/03/2015 16:49: Unable to save catlist
Err: on:19/03/2015 16:55: Unable to save catlist
Err: on:19/03/2015 17:36: Unable to save catlist
Err: on:19/03/2015 17:38: Unable to save catlist
Err: on:19/03/2015 17:56: Unable to save catlist
Err: on:19/03/2015 17:57: Unable to save catlist
Err: on:19/03/2015 18:02: Unable to save catlist
Err: on:19/03/2015 18:10: Unable to save catlist
Err: on:19/03/2015 18:13: Unable to save catlist
Err: on:19/03/2015 22:49: Unable to save catlist
Err: on:19/03/2015 22:52: Unable to save catlist
Err: on:19/03/2015 22:53: Unable to save catlist
Err: on:19/03/2015 22:55: Unable to save catlist
Err: on:19/03/2015 22:55: Unable to save catlist
Err: on:20/03/2015 9:04: Unable to save catlist
Err: on:20/03/2015 9:05: Unable to save catlist
Err: on:20/03/2015 9:06: Unable to save catlist
Err: on:20/03/2015 9:07: Unable to save catlist
Err: on:20/03/2015 9:08: Unable to save catlist
Err: on:20/03/2015 9:10: Unable to save catlist
Err: on:20/03/2015 9:11: Unable to save catlist
Err: on:20/03/2015 10:03: Unable to save catlist
Err: on:20/03/2015 10:04: Unable to save catlist
Err: on:20/03/2015 14:55: Unable to save catlist
Err: on:20/03/2015 15:00: Unable to save catlist
Err: on:21/03/2015 12:00: Unable to save catlist
Err: on:21/03/2015 12:20: Unable to save catlist
Err: on:21/03/2015 12:21: Unable to save catlist
Err: on:21/03/2015 12:37: Unable to save catlist
Err: on:21/03/2015 12:38: Unable to save catlist
Err: on:21/03/2015 12:51: Unable to save catlist
Err: on:21/03/2015 12:51: Unable to save catlist
Err: on:22/03/2015 11:11: Unable to save catlist
Err: on:22/03/2015 11:27: Unable to save catlist
Err: on:22/03/2015 11:29: Unable to save catlist
Err: on:22/03/2015 11:36: Unable to save catlist
Err: on:22/03/2015 11:42: Unable to save catlist
Err: on:22/03/2015 11:44: Unable to save catlist
Err: on:22/03/2015 11:49: Unable to save catlist
Err: on:22/03/2015 11:51: Unable to save catlist
Err: on:23/03/2015 5:29: Unable to save catlist
Err: on:23/03/2015 8:58: Unable to save catlist
Err: on:23/03/2015 8:59: Unable to save catlist
Err: on:23/03/2015 9:07: Unable to save catlist
Err: on:23/03/2015 9:08: Unable to save catlist
Err: on:23/03/2015 9:08: Unable to save catlist
Err: on:23/03/2015 9:12: Unable to save catlist
Err: on:23/03/2015 9:13: Unable to save catlist
Err: on:23/03/2015 9:21: Unable to save catlist
Err: on:23/03/2015 9:24: Unable to save catlist
Err: on:23/03/2015 9:31: Unable to save catlist
Err: on:23/03/2015 9:54: Unable to save catlist
Err: on:23/03/2015 9:56: Unable to save catlist
Err: on:23/03/2015 9:57: Unable to save catlist
Err: on:23/03/2015 9:57: Unable to save catlist
Err: on:23/03/2015 9:57: Unable to save catlist
Err: on:23/03/2015 10:45: Unable to save catlist
Err: on:23/03/2015 11:07: Unable to save catlist
Err: on:23/03/2015 11:08: Unable to save catlist
Err: on:23/03/2015 11:09: Unable to save catlist
Err: on:23/03/2015 11:11: Unable to save catlist
Err: on:23/03/2015 11:12: Unable to save catlist
Err: on:23/03/2015 12:32: Unable to save catlist
Err: on:23/03/2015 12:32: Unable to save catlist
Err: on:23/03/2015 12:34: Unable to save catlist
Err: on:23/03/2015 12:37: Unable to save catlist
Err: on:23/03/2015 12:38: Unable to save catlist
Err: on:23/03/2015 12:42: Unable to save catlist
Err: on:23/03/2015 12:43: Unable to save catlist
Err: on:23/03/2015 13:19: Unable to save catlist
Err: on:23/03/2015 16:04: Unable to save catlist
Err: on:23/03/2015 16:40: Unable to save catlist
Err: on:24/03/2015 9:06: Unable to save catlist
